<?xml version="1.0" encoding="UTF-8"?>
<!-- Generated by org.testng.reporters.JUnitXMLReporter -->
<testsuite ignored="0" hostname="INLEN8520080652" failures="0" tests="5" name="Default test" time="121.416" errors="0" timestamp="2023-03-03T21:38:26 IST">
  <testcase classname="file.Topmenutestng" name="BankingPartners" time="44.23"/>
  <testcase classname="file.Topmenutestng" name="RedeemPoints" time="43.256"/>
  <testcase classname="file.Topmenutestng" name="Coupons" time="21.758"/>
  <testcase classname="file.Topmenutestng" name="Offers" time="5.945"/>
  <testcase classname="file.Topmenutestng" name="Customercare" time="6.177"/>
</testsuite> <!-- Default test -->
