<?xml version="1.0" encoding="UTF-8"?>
<testng-results ignored="0" total="5" passed="5" failed="0" skipped="0">
  <reporter-output>
  </reporter-output>
  <suite started-at="2023-03-03T21:36:25 IST" name="Default suite" finished-at="2023-03-03T21:38:26 IST" duration-ms="121416">
    <groups>
      <group name="add">
        <method signature="Topmenutestng.Coupons()[pri:2, instance:file.Topmenutestng@7e7be63f]" name="Coupons" class="file.Topmenutestng"/>
        <method signature="Topmenutestng.Customercare()[pri:4, instance:file.Topmenutestng@7e7be63f]" name="Customercare" class="file.Topmenutestng"/>
      </group> <!-- add -->
      <group name="regression">
        <method signature="Topmenutestng.BankingPartners()[pri:0, instance:file.Topmenutestng@7e7be63f]" name="BankingPartners" class="file.Topmenutestng"/>
        <method signature="Topmenutestng.RedeemPoints()[pri:1, instance:file.Topmenutestng@7e7be63f]" name="RedeemPoints" class="file.Topmenutestng"/>
      </group> <!-- regression -->
      <group name="sanity">
        <method signature="Topmenutestng.Offers()[pri:3, instance:file.Topmenutestng@7e7be63f]" name="Offers" class="file.Topmenutestng"/>
      </group> <!-- sanity -->
    </groups>
    <test started-at="2023-03-03T21:36:25 IST" name="Default test" finished-at="2023-03-03T21:38:26 IST" duration-ms="121416">
      <class name="file.Topmenutestng">
        <test-method signature="BankingPartners()[pri:0, instance:file.Topmenutestng@7e7be63f]" started-at="2023-03-03T21:36:25 IST" name="BankingPartners" finished-at="2023-03-03T21:37:09 IST" duration-ms="44230" status="PASS">
          <reporter-output>
          </reporter-output>
        </test-method> <!-- BankingPartners -->
        <test-method signature="RedeemPoints()[pri:1, instance:file.Topmenutestng@7e7be63f]" started-at="2023-03-03T21:37:09 IST" name="RedeemPoints" finished-at="2023-03-03T21:37:52 IST" duration-ms="43256" status="PASS">
          <reporter-output>
          </reporter-output>
        </test-method> <!-- RedeemPoints -->
        <test-method signature="Coupons()[pri:2, instance:file.Topmenutestng@7e7be63f]" started-at="2023-03-03T21:37:52 IST" name="Coupons" finished-at="2023-03-03T21:38:14 IST" duration-ms="21758" status="PASS">
          <reporter-output>
          </reporter-output>
        </test-method> <!-- Coupons -->
        <test-method signature="Offers()[pri:3, instance:file.Topmenutestng@7e7be63f]" started-at="2023-03-03T21:38:14 IST" name="Offers" finished-at="2023-03-03T21:38:20 IST" duration-ms="5945" status="PASS">
          <reporter-output>
          </reporter-output>
        </test-method> <!-- Offers -->
        <test-method signature="Customercare()[pri:4, instance:file.Topmenutestng@7e7be63f]" started-at="2023-03-03T21:38:20 IST" name="Customercare" finished-at="2023-03-03T21:38:26 IST" duration-ms="6177" status="PASS">
          <reporter-output>
          </reporter-output>
        </test-method> <!-- Customercare -->
      </class> <!-- file.Topmenutestng -->
    </test> <!-- Default test -->
  </suite> <!-- Default suite -->
</testng-results>
